  64 bit Processing ..\..\..\Win\include\DeckLinkAPI.idl
  DeckLinkAPI.idl
  64 bit Processing C:\Program Files (x86)\Windows Kits\10\Include\10.0.17763.0\um\unknwn.idl
  unknwn.idl
  64 bit Processing C:\Program Files (x86)\Windows Kits\10\Include\10.0.17763.0\shared\wtypes.idl
  wtypes.idl
  64 bit Processing C:\Program Files (x86)\Windows Kits\10\Include\10.0.17763.0\shared\wtypesbase.idl
  wtypesbase.idl
  64 bit Processing C:\Program Files (x86)\Windows Kits\10\Include\10.0.17763.0\shared\basetsd.h
  basetsd.h
  64 bit Processing C:\Program Files (x86)\Windows Kits\10\Include\10.0.17763.0\shared\guiddef.h
  guiddef.h
  64 bit Processing C:\Program Files (x86)\Windows Kits\10\Include\10.0.17763.0\um\oaidl.idl
  oaidl.idl
  64 bit Processing C:\Program Files (x86)\Windows Kits\10\Include\10.0.17763.0\um\objidl.idl
  objidl.idl
  64 bit Processing C:\Program Files (x86)\Windows Kits\10\Include\10.0.17763.0\um\oaidl.acf
  oaidl.acf
  Bgra32VideoFrame.cpp
  CaptureStills.cpp
  DeckLinkInputDevice.cpp
  ImageWriterWin.cpp
  platform.cpp
  コードを生成中...
  DeckLinkAPI_i.c
  CaptureStills.vcxproj -> C:\Users\iwai.s-cw\ProgramFiles\Blackmagic DeckLink SDK 11.4\Win\Samples\CaptureStills\Debug\CaptureStills.exe
