c:\users\iwai.s-cw\downloads\blackmagic_decklink_sdk_11.4\blackmagic decklink sdk 11.4\win\samples\capturestills\x64\debug\vc142.pdb
c:\users\iwai.s-cw\downloads\blackmagic_decklink_sdk_11.4\blackmagic decklink sdk 11.4\win\samples\capturestills\x64\debug\vc142.idb
c:\users\iwai.s-cw\downloads\blackmagic_decklink_sdk_11.4\blackmagic decklink sdk 11.4\win\samples\capturestills\x64\debug\platform.obj
c:\users\iwai.s-cw\downloads\blackmagic_decklink_sdk_11.4\blackmagic decklink sdk 11.4\win\samples\capturestills\x64\debug\imagewriterwin.obj
c:\users\iwai.s-cw\downloads\blackmagic_decklink_sdk_11.4\blackmagic decklink sdk 11.4\win\samples\capturestills\x64\debug\decklinkinputdevice.obj
c:\users\iwai.s-cw\downloads\blackmagic_decklink_sdk_11.4\blackmagic decklink sdk 11.4\win\samples\capturestills\x64\debug\capturestills.obj
c:\users\iwai.s-cw\downloads\blackmagic_decklink_sdk_11.4\blackmagic decklink sdk 11.4\win\samples\capturestills\x64\debug\bgra32videoframe.obj
c:\users\iwai.s-cw\downloads\blackmagic_decklink_sdk_11.4\blackmagic decklink sdk 11.4\win\samples\capturestills\x64\debug\decklinkapi_i.obj
c:\users\iwai.s-cw\downloads\blackmagic_decklink_sdk_11.4\blackmagic decklink sdk 11.4\win\samples\capturestills\debug\capturestills.ilk
c:\users\iwai.s-cw\downloads\blackmagic_decklink_sdk_11.4\blackmagic decklink sdk 11.4\win\samples\capturestills\debug\capturestills.exe
c:\users\iwai.s-cw\downloads\blackmagic_decklink_sdk_11.4\blackmagic decklink sdk 11.4\win\samples\capturestills\debug\capturestills.pdb
c:\users\iwai.s-cw\downloads\blackmagic_decklink_sdk_11.4\blackmagic decklink sdk 11.4\win\samples\capturestills\x64\debug\capturestills.tlb
c:\users\iwai.s-cw\downloads\blackmagic_decklink_sdk_11.4\blackmagic decklink sdk 11.4\win\samples\capturestills\decklinkapi_i.c
c:\users\iwai.s-cw\downloads\blackmagic_decklink_sdk_11.4\blackmagic decklink sdk 11.4\win\samples\capturestills\decklinkapi.h
c:\users\iwai.s-cw\programfiles\blackmagic decklink sdk 11.4\win\samples\capturestills\x64\debug\bgra32videoframe.obj
c:\users\iwai.s-cw\programfiles\blackmagic decklink sdk 11.4\win\samples\capturestills\x64\debug\capturestills.obj
c:\users\iwai.s-cw\programfiles\blackmagic decklink sdk 11.4\win\samples\capturestills\x64\debug\decklinkapi_i.obj
c:\users\iwai.s-cw\programfiles\blackmagic decklink sdk 11.4\win\samples\capturestills\x64\debug\decklinkinputdevice.obj
c:\users\iwai.s-cw\programfiles\blackmagic decklink sdk 11.4\win\samples\capturestills\x64\debug\imagewriterwin.obj
c:\users\iwai.s-cw\programfiles\blackmagic decklink sdk 11.4\win\samples\capturestills\x64\debug\platform.obj
c:\users\iwai.s-cw\programfiles\blackmagic decklink sdk 11.4\win\samples\capturestills\x64\debug\capturestills.tlb
c:\users\iwai.s-cw\programfiles\blackmagic decklink sdk 11.4\win\samples\capturestills\x64\debug\vc142.idb
c:\users\iwai.s-cw\programfiles\blackmagic decklink sdk 11.4\win\samples\capturestills\x64\debug\vc142.pdb
c:\users\iwai.s-cw\programfiles\blackmagic decklink sdk 11.4\win\samples\capturestills\debug\capturestills.pdb
c:\users\iwai.s-cw\programfiles\blackmagic decklink sdk 11.4\win\samples\capturestills\debug\capturestills.exe
c:\users\iwai.s-cw\programfiles\blackmagic decklink sdk 11.4\win\samples\capturestills\debug\capturestills.ilk
c:\users\iwai.s-cw\programfiles\blackmagic decklink sdk 11.4\win\samples\capturestills\x64\debug\capturestills.tlog\cl.command.1.tlog
c:\users\iwai.s-cw\programfiles\blackmagic decklink sdk 11.4\win\samples\capturestills\x64\debug\capturestills.tlog\cl.read.1.tlog
c:\users\iwai.s-cw\programfiles\blackmagic decklink sdk 11.4\win\samples\capturestills\x64\debug\capturestills.tlog\cl.write.1.tlog
c:\users\iwai.s-cw\programfiles\blackmagic decklink sdk 11.4\win\samples\capturestills\x64\debug\capturestills.tlog\link.command.1.tlog
c:\users\iwai.s-cw\programfiles\blackmagic decklink sdk 11.4\win\samples\capturestills\x64\debug\capturestills.tlog\link.read.1.tlog
c:\users\iwai.s-cw\programfiles\blackmagic decklink sdk 11.4\win\samples\capturestills\x64\debug\capturestills.tlog\link.write.1.tlog
c:\users\iwai.s-cw\programfiles\blackmagic decklink sdk 11.4\win\samples\capturestills\x64\debug\capturestills.tlog\midl.command.1.tlog
c:\users\iwai.s-cw\programfiles\blackmagic decklink sdk 11.4\win\samples\capturestills\x64\debug\capturestills.tlog\midl.read.1.tlog
c:\users\iwai.s-cw\programfiles\blackmagic decklink sdk 11.4\win\samples\capturestills\x64\debug\capturestills.tlog\midl.write.1.tlog
